app/build/intermediates/manifest_merge_blame_file/debug/manifest-merger-blame-debug-report.txt
1<?xml version="1.0" encoding="utf-8"?>
2<manifest xmlns:android="http://schemas.android.com/apk/res/android"
3    package="com.droidbytes.musicplayer"
4    android:versionCode="1"
5    android:versionName="1.0" >
6
7    <uses-sdk
8        android:minSdkVersion="24"
8-->src\main\AndroidManifest.xml
9        android:targetSdkVersion="34" />
9-->src\main\AndroidManifest.xml
10
11    <uses-permission
11-->src\main\AndroidManifest.xml:5:5-7:38
12        android:name="android.permission.READ_EXTERNAL_STORAGE"
12-->src\main\AndroidManifest.xml:6:9-64
13        android:maxSdkVersion="32" />
13-->src\main\AndroidManifest.xml:7:9-35
14    <uses-permission android:name="android.permission.ACCESS_NETWORK_STATE" />
14-->[com.google.android.exoplayer:exoplayer-core:2.19.0] AndroidManifest.xml:24:5-79
14-->[com.google.android.exoplayer:exoplayer-core:2.19.0] AndroidManifest.xml:24:22-76
15
16    <permission
16-->[androidx.core:core:1.12.0-alpha05] AndroidManifest.xml:22:5-24:47
17        android:name="com.droidbytes.musicplayer.DYNAMIC_RECEIVER_NOT_EXPORTED_PERMISSION"
17-->[androidx.core:core:1.12.0-alpha05] AndroidManifest.xml:23:9-81
18        android:protectionLevel="signature" />
18-->[androidx.core:core:1.12.0-alpha05] AndroidManifest.xml:24:9-44
19
20    <uses-permission android:name="com.droidbytes.musicplayer.DYNAMIC_RECEIVER_NOT_EXPORTED_PERMISSION" />
20-->[androidx.core:core:1.12.0-alpha05] AndroidManifest.xml:26:5-97
20-->[androidx.core:core:1.12.0-alpha05] AndroidManifest.xml:26:22-94
21
22    <application
22-->src\main\AndroidManifest.xml:9:5-40:19
23        android:allowBackup="true"
23-->src\main\AndroidManifest.xml:10:9-35
24        android:appComponentFactory="androidx.core.app.CoreComponentFactory"
24-->[androidx.core:core:1.12.0-alpha05] AndroidManifest.xml:28:18-86
25        android:dataExtractionRules="@xml/data_extraction_rules"
25-->src\main\AndroidManifest.xml:11:9-65
26        android:debuggable="true"
27        android:extractNativeLibs="false"
28        android:fullBackupContent="@xml/backup_rules"
28-->src\main\AndroidManifest.xml:12:9-54
29        android:icon="@mipmap/ic_launcher"
29-->src\main\AndroidManifest.xml:13:9-43
30        android:label="@string/app_name"
30-->src\main\AndroidManifest.xml:14:9-41
31        android:requestLegacyExternalStorage="true"
31-->src\main\AndroidManifest.xml:15:9-52
32        android:roundIcon="@mipmap/ic_launcher_round"
32-->src\main\AndroidManifest.xml:16:9-54
33        android:supportsRtl="true"
33-->src\main\AndroidManifest.xml:17:9-35
34        android:testOnly="true"
35        android:theme="@style/Theme.MusicPlayer" >
35-->src\main\AndroidManifest.xml:18:9-49
36        <service
36-->src\main\AndroidManifest.xml:20:9-23:47
37            android:name="com.droidbytes.musicplayer.MusicService"
37-->src\main\AndroidManifest.xml:21:13-41
38            android:enabled="true"
38-->src\main\AndroidManifest.xml:22:13-35
39            android:exported="true" />
39-->src\main\AndroidManifest.xml:23:13-36
40
41        <activity
41-->src\main\AndroidManifest.xml:25:9-27:40
42            android:name="com.droidbytes.musicplayer.MusicActivity"
42-->src\main\AndroidManifest.xml:26:13-42
43            android:exported="false" />
43-->src\main\AndroidManifest.xml:27:13-37
44        <activity
44-->src\main\AndroidManifest.xml:28:9-30:40
45            android:name="com.droidbytes.musicplayer.SongsListActivity"
45-->src\main\AndroidManifest.xml:29:13-46
46            android:exported="false" />
46-->src\main\AndroidManifest.xml:30:13-37
47        <activity
47-->src\main\AndroidManifest.xml:31:9-39:20
48            android:name="com.droidbytes.musicplayer.MainActivity"
48-->src\main\AndroidManifest.xml:32:13-41
49            android:exported="true" >
49-->src\main\AndroidManifest.xml:33:13-36
50            <intent-filter>
50-->src\main\AndroidManifest.xml:34:13-38:29
51                <action android:name="android.intent.action.MAIN" />
51-->src\main\AndroidManifest.xml:35:17-69
51-->src\main\AndroidManifest.xml:35:25-66
52
53                <category android:name="android.intent.category.LAUNCHER" />
53-->src\main\AndroidManifest.xml:37:17-77
53-->src\main\AndroidManifest.xml:37:27-74
54            </intent-filter>
55        </activity>
56
57        <provider
57-->[androidx.emoji2:emoji2:1.2.0] AndroidManifest.xml:24:9-32:20
58            android:name="androidx.startup.InitializationProvider"
58-->[androidx.emoji2:emoji2:1.2.0] AndroidManifest.xml:25:13-67
59            android:authorities="com.droidbytes.musicplayer.androidx-startup"
59-->[androidx.emoji2:emoji2:1.2.0] AndroidManifest.xml:26:13-68
60            android:exported="false" >
60-->[androidx.emoji2:emoji2:1.2.0] AndroidManifest.xml:27:13-37
61            <meta-data
61-->[androidx.emoji2:emoji2:1.2.0] AndroidManifest.xml:29:13-31:52
62                android:name="androidx.emoji2.text.EmojiCompatInitializer"
62-->[androidx.emoji2:emoji2:1.2.0] AndroidManifest.xml:30:17-75
63                android:value="androidx.startup" />
63-->[androidx.emoji2:emoji2:1.2.0] AndroidManifest.xml:31:17-49
64            <meta-data
64-->[androidx.lifecycle:lifecycle-process:2.4.1] AndroidManifest.xml:31:13-33:52
65                android:name="androidx.lifecycle.ProcessLifecycleInitializer"
65-->[androidx.lifecycle:lifecycle-process:2.4.1] AndroidManifest.xml:32:17-78
66                android:value="androidx.startup" />
66-->[androidx.lifecycle:lifecycle-process:2.4.1] AndroidManifest.xml:33:17-49
67        </provider>
68    </application>
69
70</manifest>